<?xml version="1.0" encoding="UTF-8"?>
<coverage generated="1603127913538" clover="3.2.0">
  <project timestamp="1603127913538" name="All files">
    <metrics statements="34" coveredstatements="17" conditionals="8" coveredconditionals="3" methods="2" coveredmethods="1" elements="44" coveredelements="21" complexity="0" loc="34" ncloc="34" packages="1" files="1" classes="1"/>
    <file name="Zanroo.js" path="/Users/hon/Desktop/CodeCamp4/algorithms/Zanroo.js">
      <metrics statements="34" coveredstatements="17" conditionals="8" coveredconditionals="3" methods="2" coveredmethods="1"/>
      <line num="51" count="1" type="stmt"/>
      <line num="52" count="7" type="stmt"/>
      <line num="53" count="7" type="stmt"/>
      <line num="55" count="7" type="stmt"/>
      <line num="56" count="12" type="stmt"/>
      <line num="58" count="12" type="cond" truecount="2" falsecount="0"/>
      <line num="59" count="10" type="cond" truecount="1" falsecount="1"/>
      <line num="60" count="10" type="stmt"/>
      <line num="61" count="10" type="stmt"/>
      <line num="64" count="10" type="stmt"/>
      <line num="67" count="5" type="stmt"/>
      <line num="69" count="5" type="stmt"/>
      <line num="70" count="9" type="stmt"/>
      <line num="71" count="9" type="stmt"/>
      <line num="74" count="5" type="stmt"/>
      <line num="79" count="1" type="stmt"/>
      <line num="80" count="0" type="stmt"/>
      <line num="81" count="0" type="stmt"/>
      <line num="83" count="0" type="stmt"/>
      <line num="84" count="0" type="stmt"/>
      <line num="86" count="0" type="cond" truecount="0" falsecount="2"/>
      <line num="87" count="0" type="cond" truecount="0" falsecount="2"/>
      <line num="88" count="0" type="stmt"/>
      <line num="89" count="0" type="stmt"/>
      <line num="90" count="0" type="stmt"/>
      <line num="91" count="0" type="stmt"/>
      <line num="92" count="0" type="stmt"/>
      <line num="96" count="0" type="stmt"/>
      <line num="99" count="0" type="stmt"/>
      <line num="101" count="0" type="stmt"/>
      <line num="102" count="0" type="stmt"/>
      <line num="103" count="0" type="stmt"/>
      <line num="106" count="0" type="stmt"/>
      <line num="130" count="1" type="stmt"/>
    </file>
  </project>
</coverage>
