{"/Users/hon/Desktop/CodeCamp4/algorithms/Zanroo.js": {"path":"/Users/hon/Desktop/CodeCamp4/algorithms/Zanroo.js","statementMap":{"0":{"start":{"line":51,"column":23},"end":{"line":75,"column":1}},"1":{"start":{"line":52,"column":23},"end":{"line":52,"column":25}},"2":{"start":{"line":53,"column":24},"end":{"line":53,"column":26}},"3":{"start":{"line":55,"column":2},"end":{"line":65,"column":3}},"4":{"start":{"line":55,"column":15},"end":{"line":55,"column":16}},"5":{"start":{"line":56,"column":4},"end":{"line":56,"column":37}},"6":{"start":{"line":58,"column":4},"end":{"line":58,"column":59}},"7":{"start":{"line":58,"column":29},"end":{"line":58,"column":59}},"8":{"start":{"line":59,"column":4},"end":{"line":62,"column":5}},"9":{"start":{"line":60,"column":6},"end":{"line":60,"column":44}},"10":{"start":{"line":61,"column":6},"end":{"line":61,"column":68}},"11":{"start":{"line":64,"column":4},"end":{"line":64,"column":36}},"12":{"start":{"line":67,"column":2},"end":{"line":67,"column":28}},"13":{"start":{"line":69,"column":2},"end":{"line":72,"column":3}},"14":{"start":{"line":69,"column":15},"end":{"line":69,"column":16}},"15":{"start":{"line":70,"column":4},"end":{"line":70,"column":71}},"16":{"start":{"line":71,"column":4},"end":{"line":71,"column":46}},"17":{"start":{"line":74,"column":2},"end":{"line":74,"column":25}},"18":{"start":{"line":79,"column":24},"end":{"line":107,"column":1}},"19":{"start":{"line":80,"column":23},"end":{"line":80,"column":25}},"20":{"start":{"line":81,"column":24},"end":{"line":81,"column":26}},"21":{"start":{"line":83,"column":2},"end":{"line":97,"column":3}},"22":{"start":{"line":83,"column":15},"end":{"line":83,"column":16}},"23":{"start":{"line":84,"column":4},"end":{"line":84,"column":37}},"24":{"start":{"line":86,"column":4},"end":{"line":86,"column":59}},"25":{"start":{"line":86,"column":29},"end":{"line":86,"column":59}},"26":{"start":{"line":87,"column":4},"end":{"line":94,"column":5}},"27":{"start":{"line":88,"column":24},"end":{"line":88,"column":25}},"28":{"start":{"line":89,"column":6},"end":{"line":93,"column":7}},"29":{"start":{"line":89,"column":19},"end":{"line":89,"column":20}},"30":{"start":{"line":90,"column":8},"end":{"line":90,"column":60}},"31":{"start":{"line":91,"column":8},"end":{"line":91,"column":84}},"32":{"start":{"line":92,"column":8},"end":{"line":92,"column":59}},"33":{"start":{"line":96,"column":4},"end":{"line":96,"column":36}},"34":{"start":{"line":99,"column":2},"end":{"line":99,"column":28}},"35":{"start":{"line":101,"column":2},"end":{"line":104,"column":3}},"36":{"start":{"line":101,"column":15},"end":{"line":101,"column":16}},"37":{"start":{"line":102,"column":4},"end":{"line":102,"column":71}},"38":{"start":{"line":103,"column":4},"end":{"line":103,"column":46}},"39":{"start":{"line":106,"column":2},"end":{"line":106,"column":25}},"40":{"start":{"line":130,"column":0},"end":{"line":130,"column":32}}},"fnMap":{"0":{"name":"(anonymous_0)","decl":{"start":{"line":51,"column":23},"end":{"line":51,"column":24}},"loc":{"start":{"line":51,"column":43},"end":{"line":75,"column":1}},"line":51},"1":{"name":"(anonymous_1)","decl":{"start":{"line":79,"column":24},"end":{"line":79,"column":25}},"loc":{"start":{"line":79,"column":44},"end":{"line":107,"column":1}},"line":79}},"branchMap":{"0":{"loc":{"start":{"line":58,"column":4},"end":{"line":58,"column":59}},"type":"if","locations":[{"start":{"line":58,"column":4},"end":{"line":58,"column":59}},{"start":{"line":58,"column":4},"end":{"line":58,"column":59}}],"line":58},"1":{"loc":{"start":{"line":59,"column":4},"end":{"line":62,"column":5}},"type":"if","locations":[{"start":{"line":59,"column":4},"end":{"line":62,"column":5}},{"start":{"line":59,"column":4},"end":{"line":62,"column":5}}],"line":59},"2":{"loc":{"start":{"line":86,"column":4},"end":{"line":86,"column":59}},"type":"if","locations":[{"start":{"line":86,"column":4},"end":{"line":86,"column":59}},{"start":{"line":86,"column":4},"end":{"line":86,"column":59}}],"line":86},"3":{"loc":{"start":{"line":87,"column":4},"end":{"line":94,"column":5}},"type":"if","locations":[{"start":{"line":87,"column":4},"end":{"line":94,"column":5}},{"start":{"line":87,"column":4},"end":{"line":94,"column":5}}],"line":87}},"s":{"0":1,"1":7,"2":7,"3":7,"4":7,"5":12,"6":12,"7":2,"8":10,"9":10,"10":10,"11":10,"12":5,"13":5,"14":5,"15":9,"16":9,"17":5,"18":1,"19":0,"20":0,"21":0,"22":0,"23":0,"24":0,"25":0,"26":0,"27":0,"28":0,"29":0,"30":0,"31":0,"32":0,"33":0,"34":0,"35":0,"36":0,"37":0,"38":0,"39":0,"40":1},"f":{"0":7,"1":0},"b":{"0":[2,10],"1":[10,0],"2":[0,0],"3":[0,0]},"_coverageSchema":"1a1c01bbd47fc00a2c39e90264f33305004495a9","hash":"16ae602e1537266a3062ec202e1719cff71b6af6"}
}
