TN:
SF:Zanroo.js
FN:51,(anonymous_0)
FN:79,(anonymous_1)
FNF:2
FNH:1
FNDA:7,(anonymous_0)
FNDA:0,(anonymous_1)
DA:51,1
DA:52,7
DA:53,7
DA:55,7
DA:56,12
DA:58,12
DA:59,10
DA:60,10
DA:61,10
DA:64,10
DA:67,5
DA:69,5
DA:70,9
DA:71,9
DA:74,5
DA:79,1
DA:80,0
DA:81,0
DA:83,0
DA:84,0
DA:86,0
DA:87,0
DA:88,0
DA:89,0
DA:90,0
DA:91,0
DA:92,0
DA:96,0
DA:99,0
DA:101,0
DA:102,0
DA:103,0
DA:106,0
DA:130,1
LF:34
LH:17
BRDA:58,0,0,2
BRDA:58,0,1,10
BRDA:59,1,0,10
BRDA:59,1,1,0
BRDA:86,2,0,0
BRDA:86,2,1,0
BRDA:87,3,0,0
BRDA:87,3,1,0
BRF:8
BRH:3
end_of_record
